before_send	1	1582365562116669600
after_send	1	1582365562116669600
before_send	0	1582365563134643200
after_send	0	1582365563134966800
before_send	1	1582365564142612100
after_send	1	1582365564142879800
before_send	0	1582365565158345500
after_send	0	1582365565158681500
before_send	1	1582365566158903100
after_send	1	1582365566158903100
before_send	0	1582365567160154800
after_send	0	1582365567160457600
before_send	1	1582365568174359900
after_send	1	1582365568174646700
before_send	0	1582365569178025400
after_send	0	1582365569178025400
before_send	1	1582365570195832500
after_send	1	1582365570196196100
before_send	0	1582365571209597700
after_send	0	1582365571209597700
before_send	1	1582365572225132600
after_send	1	1582365572225132600
before_send	0	1582365573228617700
after_send	0	1582365573228617700
before_send	1	1582365574244428500
after_send	1	1582365574244718200
before_send	0	1582365575258351200
after_send	0	1582365575259073800
before_send	1	1582365576260218400
after_send	1	1582365576260218400
before_send	0	1582365577275422900
after_send	0	1582365577275422900
before_send	1	1582365578291338800
after_send	1	1582365578291720400
before_send	0	1582365579307508600
after_send	0	1582365579308248100
before_send	1	1582365580313114600
after_send	1	1582365580313114600
before_send	0	1582365581322973000
after_send	0	1582365581323329600
